<?xml version="1.0" encoding="UTF-8"?>
<!-- Generated by org.testng.reporters.JUnitReportReporter -->
<testsuite hostname="DESKTOP-9U5B2F8" failures="0" tests="2" name="TestCases.HomepageTest" time="1.234" errors="0" timestamp="2025-04-27T16:59:50 IST" skipped="0">
  <testcase classname="TestCases.HomepageTest" name="Verify_WebPage" time="1.218"/>
  <system-out/>
  <testcase classname="TestCases.HomepageTest" name="Verify_title" time="0.016"/>
  <system-out/>
</testsuite> <!-- TestCases.HomepageTest -->
