<?xml version="1.0" encoding="UTF-8"?>
<!-- Generated by org.testng.reporters.JUnitReportReporter -->
<testsuite hostname="DESKTOP-9U5B2F8" failures="0" tests="2" name="TestCases.BasicTestCases" time="1.204" errors="0" timestamp="2025-04-27T15:14:46 IST" skipped="0">
  <testcase classname="TestCases.BasicTestCases" name="Verify_WebPage" time="1.136"/>
  <system-out/>
  <testcase classname="TestCases.BasicTestCases" name="Verify_title" time="0.068"/>
  <system-out/>
</testsuite> <!-- TestCases.BasicTestCases -->
