<?xml version="1.0" encoding="UTF-8"?>
<!-- Generated by org.testng.reporters.JUnitReportReporter -->
<testsuite hostname="DESKTOP-9U5B2F8" failures="0" tests="3" name="TestCases.SearchFunctionalityTest" time="3.346" errors="0" timestamp="2025-04-27T16:59:50 IST" skipped="0">
  <testcase classname="TestCases.SearchFunctionalityTest" name="Verify_SearchIcon" time="1.160"/>
  <system-out/>
  <testcase classname="TestCases.SearchFunctionalityTest" name="Verify_SearchBox" time="1.097"/>
  <system-out/>
  <testcase classname="TestCases.SearchFunctionalityTest" name="Verify_Suggestions" time="1.089"/>
  <system-out/>
</testsuite> <!-- TestCases.SearchFunctionalityTest -->
