<?xml version="1.0" encoding="UTF-8"?>
<!-- Generated by org.testng.reporters.JUnitReportReporter -->
<testsuite hostname="DESKTOP-9U5B2F8" failures="0" tests="4" name="TestCases.MainNavigationTest" time="7.685" errors="0" timestamp="2025-04-27T16:59:50 IST" skipped="0">
  <testcase classname="TestCases.MainNavigationTest" name="Verify_HomeNavigationMenu" time="2.276"/>
  <system-out/>
  <testcase classname="TestCases.MainNavigationTest" name="Verify_ShopNavigationMenu" time="1.090"/>
  <system-out/>
  <testcase classname="TestCases.MainNavigationTest" name="Verify_ContactUsMenu" time="3.233"/>
  <system-out/>
  <testcase classname="TestCases.MainNavigationTest" name="Verify_AboutUsMenu" time="1.086"/>
  <system-out/>
</testsuite> <!-- TestCases.MainNavigationTest -->
